<?xml version="1.0" encoding="UTF-8"?>
<!-- Generated by org.testng.reporters.JUnitReportReporter -->
<testsuite skipped="0" hostname="LAPTOP-29E7URT6" name="testCases.LoginToMyStoreWithRegisteredUser" tests="1" failures="0" timestamp="14 Nov 2021 05:22:23 GMT" time="22.132" errors="0">
  <testcase name="loginToMyStoreWithRegisteredUser" time="22.132" classname="testCases.LoginToMyStoreWithRegisteredUser"/>
</testsuite> <!-- testCases.LoginToMyStoreWithRegisteredUser -->
