<?xml version="1.0" encoding="UTF-8"?>
<!-- Generated by org.testng.reporters.JUnitReportReporter -->
<testsuite skipped="1" hostname="LAPTOP-29E7URT6" name="testCases.LoginToMyStoreWithRegisteredUser3" tests="1" failures="0" timestamp="08 Nov 2021 04:00:54 GMT" time="0.000" errors="0">
  <testcase name="loginToMyStoreWithRegisteredUser3" time="0.000" classname="testCases.LoginToMyStoreWithRegisteredUser3">
    <skipped/>
  </testcase> <!-- loginToMyStoreWithRegisteredUser3 -->
</testsuite> <!-- testCases.LoginToMyStoreWithRegisteredUser3 -->
