<?xml version="1.0" encoding="UTF-8"?>
<!-- Generated by org.testng.reporters.JUnitReportReporter -->
<testsuite skipped="1" hostname="LAPTOP-29E7URT6" name="testCases.LoginToMyStore2" tests="1" failures="0" timestamp="14 Nov 2021 05:22:23 GMT" time="0.000" errors="0">
  <testcase name="loginToMyStore2" time="0.000" classname="testCases.LoginToMyStore2">
    <skipped/>
  </testcase> <!-- loginToMyStore2 -->
</testsuite> <!-- testCases.LoginToMyStore2 -->
