<?xml version="1.0" encoding="UTF-8"?>
<!-- Generated by org.testng.reporters.JUnitReportReporter -->
<testsuite skipped="0" hostname="LAPTOP-29E7URT6" name="testPackage.ReadingExcelFile" tests="1" failures="0" timestamp="09 Oct 2021 15:14:57 GMT" time="0.467" errors="0">
  <testcase name="name" time="0.467" classname="testPackage.ReadingExcelFile"/>
</testsuite> <!-- testPackage.ReadingExcelFile -->
