<?xml version="1.0" encoding="UTF-8"?>
<!-- Generated by org.testng.reporters.JUnitReportReporter -->
<testsuite skipped="0" hostname="LAPTOP-29E7URT6" name="testCases.LoginToMyStore" tests="1" failures="0" timestamp="08 Nov 2021 04:00:54 GMT" time="17.438" errors="0">
  <testcase name="loginToMyStore" time="17.438" classname="testCases.LoginToMyStore"/>
</testsuite> <!-- testCases.LoginToMyStore -->
