<?xml version="1.0" encoding="UTF-8"?>
<!-- Generated by org.testng.reporters.JUnitReportReporter -->
<testsuite skipped="0" hostname="LAPTOP-29E7URT6" name="testPackage.TryCatchBlock" tests="1" failures="0" timestamp="24 Oct 2021 04:10:47 GMT" time="2.053" errors="0">
  <testcase name="tryCatchBlock" time="2.053" classname="testPackage.TryCatchBlock"/>
</testsuite> <!-- testPackage.TryCatchBlock -->
