<?xml version="1.0" encoding="UTF-8"?>
<!-- Generated by org.testng.reporters.JUnitReportReporter -->
<testsuite skipped="0" hostname="LAPTOP-29E7URT6" name="testPackage.LoginToInstagramWithTestNG" tests="1" failures="0" timestamp="17 Oct 2021 04:11:43 GMT" time="22.660" errors="0">
  <testcase name="loginToInstagramWithTestNG" time="22.660" classname="testPackage.LoginToInstagramWithTestNG"/>
</testsuite> <!-- testPackage.LoginToInstagramWithTestNG -->
