<?xml version="1.0" encoding="UTF-8"?>
<!-- Generated by org.testng.reporters.JUnitReportReporter -->
<testsuite skipped="0" hostname="LAPTOP-29E7URT6" name="testPackage.LoginToInstagramWithDataProvider" tests="3" failures="0" timestamp="17 Oct 2021 04:52:02 GMT" time="62.482" errors="0">
  <testcase name="loginToInstagramWithTestNG" time="20.082" classname="testPackage.LoginToInstagramWithDataProvider"/>
  <testcase name="loginToInstagramWithTestNG" time="22.380" classname="testPackage.LoginToInstagramWithDataProvider"/>
  <testcase name="loginToInstagramWithTestNG" time="20.020" classname="testPackage.LoginToInstagramWithDataProvider"/>
</testsuite> <!-- testPackage.LoginToInstagramWithDataProvider -->
