<?xml version="1.0" encoding="UTF-8"?>
<!-- Generated by org.testng.reporters.JUnitReportReporter -->
<testsuite skipped="0" hostname="LAPTOP-29E7URT6" name="testPackage.GetClassName" tests="1" failures="0" timestamp="30 Oct 2021 05:51:00 GMT" time="0.047" errors="0">
  <testcase name="getTestCaseName" time="0.047" classname="testPackage.GetClassName"/>
</testsuite> <!-- testPackage.GetClassName -->
