<?xml version="1.0" encoding="UTF-8"?>
<!-- Generated by org.testng.reporters.JUnitReportReporter -->
<testsuite skipped="0" hostname="LAPTOP-29E7URT6" name="testPackage.LoginToInstagramWithTestNG2" tests="1" failures="0" timestamp="10 Oct 2021 05:57:53 GMT" time="26.679" errors="0">
  <testcase name="loginToInstagramWithTestNG2" time="26.679" classname="testPackage.LoginToInstagramWithTestNG2"/>
</testsuite> <!-- testPackage.LoginToInstagramWithTestNG2 -->
