<?xml version="1.0" encoding="UTF-8"?>
<!-- Generated by org.testng.reporters.JUnitReportReporter -->
<testsuite skipped="0" hostname="LAPTOP-29E7URT6" name="testPackage.LoginToInstagramAndGenerateExtentReport" tests="3" failures="0" timestamp="17 Oct 2021 05:36:21 GMT" time="61.486" errors="0">
  <testcase name="loginToInstagramWithTestNG" time="21.846" classname="testPackage.LoginToInstagramAndGenerateExtentReport"/>
  <testcase name="loginToInstagramWithTestNG" time="19.745" classname="testPackage.LoginToInstagramAndGenerateExtentReport"/>
  <testcase name="loginToInstagramWithTestNG" time="19.895" classname="testPackage.LoginToInstagramAndGenerateExtentReport"/>
</testsuite> <!-- testPackage.LoginToInstagramAndGenerateExtentReport -->
