<?xml version="1.0" encoding="UTF-8"?>
<!-- Generated by org.testng.reporters.JUnitReportReporter -->
<testsuite skipped="0" hostname="LAPTOP-29E7URT6" name="testCases.LoginToMyStoreWithRegisteredUser" tests="1" failures="0" timestamp="08 Nov 2021 04:00:54 GMT" time="15.978" errors="0">
  <testcase name="loginToMyStoreWithRegisteredUser" time="15.978" classname="testCases.LoginToMyStoreWithRegisteredUser"/>
</testsuite> <!-- testCases.LoginToMyStoreWithRegisteredUser -->
